{"C:\\Users\\Gustavo\\Desktop\\VAGAS-DESAFIOS\\CARUPI\\src\\components\\Car\\CreateCar\\CreateCarDao.js": {"path":"C:\\Users\\Gustavo\\Desktop\\VAGAS-DESAFIOS\\CARUPI\\src\\components\\Car\\CreateCar\\CreateCarDao.js","all":false,"statementMap":{"0":{"start":{"line":1,"column":0},"end":{"line":1,"column":43}},"1":{"start":{"line":2,"column":0},"end":{"line":2,"column":60}},"2":{"start":{"line":3,"column":0},"end":{"line":3,"column":0}},"3":{"start":{"line":4,"column":0},"end":{"line":4,"column":20}},"4":{"start":{"line":5,"column":0},"end":{"line":5,"column":21}},"5":{"start":{"line":6,"column":0},"end":{"line":6,"column":32}},"6":{"start":{"line":7,"column":0},"end":{"line":7,"column":3}},"7":{"start":{"line":8,"column":0},"end":{"line":8,"column":1}},"8":{"start":{"line":9,"column":0},"end":{"line":9,"column":0}},"9":{"start":{"line":10,"column":0},"end":{"line":10,"column":36}}},"s":{"0":1,"1":1,"2":1,"3":1,"4":1,"5":4,"6":4,"7":1,"8":1,"9":1},"branchMap":{"0":{"type":"branch","line":5,"loc":{"start":{"line":5,"column":14},"end":{"line":7,"column":3}},"locations":[{"start":{"line":5,"column":14},"end":{"line":7,"column":3}}]}},"b":{"0":[4]},"fnMap":{"0":{"name":"create","decl":{"start":{"line":5,"column":14},"end":{"line":7,"column":3}},"loc":{"start":{"line":5,"column":14},"end":{"line":7,"column":3}},"line":5}},"f":{"0":4}}
,"C:\\Users\\Gustavo\\Desktop\\VAGAS-DESAFIOS\\CARUPI\\src\\components\\Car\\DeleteCar\\DeleteCarDao.js": {"path":"C:\\Users\\Gustavo\\Desktop\\VAGAS-DESAFIOS\\CARUPI\\src\\components\\Car\\DeleteCar\\DeleteCarDao.js","all":false,"statementMap":{"0":{"start":{"line":1,"column":0},"end":{"line":1,"column":60}},"1":{"start":{"line":2,"column":0},"end":{"line":2,"column":0}},"2":{"start":{"line":3,"column":0},"end":{"line":3,"column":20}},"3":{"start":{"line":4,"column":0},"end":{"line":4,"column":23}},"4":{"start":{"line":5,"column":0},"end":{"line":5,"column":54}},"5":{"start":{"line":6,"column":0},"end":{"line":6,"column":3}},"6":{"start":{"line":7,"column":0},"end":{"line":7,"column":1}},"7":{"start":{"line":8,"column":0},"end":{"line":8,"column":0}},"8":{"start":{"line":9,"column":0},"end":{"line":9,"column":36}}},"s":{"0":1,"1":1,"2":1,"3":1,"4":3,"5":1,"6":1,"7":1,"8":1},"branchMap":{"0":{"type":"branch","line":4,"loc":{"start":{"line":4,"column":14},"end":{"line":6,"column":3}},"locations":[{"start":{"line":4,"column":14},"end":{"line":6,"column":3}}]},"1":{"type":"branch","line":5,"loc":{"start":{"line":5,"column":4},"end":{"line":6,"column":3}},"locations":[{"start":{"line":5,"column":4},"end":{"line":6,"column":3}}]}},"b":{"0":[3],"1":[1]},"fnMap":{"0":{"name":"delete","decl":{"start":{"line":4,"column":14},"end":{"line":6,"column":3}},"loc":{"start":{"line":4,"column":14},"end":{"line":6,"column":3}},"line":4}},"f":{"0":3}}
,"C:\\Users\\Gustavo\\Desktop\\VAGAS-DESAFIOS\\CARUPI\\src\\components\\Car\\ListCar\\ListCarDao.js": {"path":"C:\\Users\\Gustavo\\Desktop\\VAGAS-DESAFIOS\\CARUPI\\src\\components\\Car\\ListCar\\ListCarDao.js","all":false,"statementMap":{"0":{"start":{"line":1,"column":0},"end":{"line":1,"column":43}},"1":{"start":{"line":2,"column":0},"end":{"line":2,"column":60}},"2":{"start":{"line":3,"column":0},"end":{"line":3,"column":0}},"3":{"start":{"line":4,"column":0},"end":{"line":4,"column":18}},"4":{"start":{"line":5,"column":0},"end":{"line":5,"column":21}},"5":{"start":{"line":6,"column":0},"end":{"line":6,"column":46}},"6":{"start":{"line":7,"column":0},"end":{"line":7,"column":3}},"7":{"start":{"line":8,"column":0},"end":{"line":8,"column":1}},"8":{"start":{"line":9,"column":0},"end":{"line":9,"column":0}},"9":{"start":{"line":10,"column":0},"end":{"line":10,"column":34}}},"s":{"0":1,"1":1,"2":1,"3":1,"4":1,"5":5,"6":5,"7":1,"8":1,"9":1},"branchMap":{"0":{"type":"branch","line":5,"loc":{"start":{"line":5,"column":12},"end":{"line":7,"column":3}},"locations":[{"start":{"line":5,"column":12},"end":{"line":7,"column":3}}]}},"b":{"0":[5]},"fnMap":{"0":{"name":"list","decl":{"start":{"line":5,"column":12},"end":{"line":7,"column":3}},"loc":{"start":{"line":5,"column":12},"end":{"line":7,"column":3}},"line":5}},"f":{"0":5}}
,"C:\\Users\\Gustavo\\Desktop\\VAGAS-DESAFIOS\\CARUPI\\src\\components\\Car\\ListCars\\ListCarsDao.js": {"path":"C:\\Users\\Gustavo\\Desktop\\VAGAS-DESAFIOS\\CARUPI\\src\\components\\Car\\ListCars\\ListCarsDao.js","all":false,"statementMap":{"0":{"start":{"line":1,"column":0},"end":{"line":1,"column":43}},"1":{"start":{"line":2,"column":0},"end":{"line":2,"column":60}},"2":{"start":{"line":3,"column":0},"end":{"line":3,"column":0}},"3":{"start":{"line":4,"column":0},"end":{"line":4,"column":19}},"4":{"start":{"line":5,"column":0},"end":{"line":5,"column":22}},"5":{"start":{"line":6,"column":0},"end":{"line":6,"column":33}},"6":{"start":{"line":7,"column":0},"end":{"line":7,"column":3}},"7":{"start":{"line":8,"column":0},"end":{"line":8,"column":1}},"8":{"start":{"line":9,"column":0},"end":{"line":9,"column":0}},"9":{"start":{"line":10,"column":0},"end":{"line":10,"column":35}}},"s":{"0":1,"1":1,"2":1,"3":1,"4":1,"5":4,"6":4,"7":1,"8":1,"9":1},"branchMap":{"0":{"type":"branch","line":5,"loc":{"start":{"line":5,"column":13},"end":{"line":7,"column":3}},"locations":[{"start":{"line":5,"column":13},"end":{"line":7,"column":3}}]}},"b":{"0":[4]},"fnMap":{"0":{"name":"lists","decl":{"start":{"line":5,"column":13},"end":{"line":7,"column":3}},"loc":{"start":{"line":5,"column":13},"end":{"line":7,"column":3}},"line":5}},"f":{"0":4}}
,"C:\\Users\\Gustavo\\Desktop\\VAGAS-DESAFIOS\\CARUPI\\src\\components\\Car\\UpdateCar\\UpdateCarDao.js": {"path":"C:\\Users\\Gustavo\\Desktop\\VAGAS-DESAFIOS\\CARUPI\\src\\components\\Car\\UpdateCar\\UpdateCarDao.js","all":false,"statementMap":{"0":{"start":{"line":1,"column":0},"end":{"line":1,"column":43}},"1":{"start":{"line":2,"column":0},"end":{"line":2,"column":60}},"2":{"start":{"line":3,"column":0},"end":{"line":3,"column":0}},"3":{"start":{"line":4,"column":0},"end":{"line":4,"column":20}},"4":{"start":{"line":5,"column":0},"end":{"line":5,"column":21}},"5":{"start":{"line":6,"column":0},"end":{"line":6,"column":66}},"6":{"start":{"line":7,"column":0},"end":{"line":7,"column":3}},"7":{"start":{"line":8,"column":0},"end":{"line":8,"column":1}},"8":{"start":{"line":9,"column":0},"end":{"line":9,"column":0}},"9":{"start":{"line":10,"column":0},"end":{"line":10,"column":36}}},"s":{"0":1,"1":1,"2":1,"3":1,"4":1,"5":3,"6":1,"7":1,"8":1,"9":1},"branchMap":{"0":{"type":"branch","line":5,"loc":{"start":{"line":5,"column":14},"end":{"line":7,"column":3}},"locations":[{"start":{"line":5,"column":14},"end":{"line":7,"column":3}}]},"1":{"type":"branch","line":6,"loc":{"start":{"line":6,"column":4},"end":{"line":7,"column":3}},"locations":[{"start":{"line":6,"column":4},"end":{"line":7,"column":3}}]}},"b":{"0":[3],"1":[1]},"fnMap":{"0":{"name":"update","decl":{"start":{"line":5,"column":14},"end":{"line":7,"column":3}},"loc":{"start":{"line":5,"column":14},"end":{"line":7,"column":3}},"line":5}},"f":{"0":3}}
,"C:\\Users\\Gustavo\\Desktop\\VAGAS-DESAFIOS\\CARUPI\\src\\database\\schemas\\Cars.js": {"path":"C:\\Users\\Gustavo\\Desktop\\VAGAS-DESAFIOS\\CARUPI\\src\\database\\schemas\\Cars.js","all":false,"statementMap":{"0":{"start":{"line":1,"column":0},"end":{"line":1,"column":37}},"1":{"start":{"line":2,"column":0},"end":{"line":2,"column":0}},"2":{"start":{"line":3,"column":0},"end":{"line":3,"column":40}},"3":{"start":{"line":4,"column":0},"end":{"line":4,"column":9}},"4":{"start":{"line":5,"column":0},"end":{"line":5,"column":17}},"5":{"start":{"line":6,"column":0},"end":{"line":6,"column":19}},"6":{"start":{"line":7,"column":0},"end":{"line":7,"column":20}},"7":{"start":{"line":8,"column":0},"end":{"line":8,"column":4}},"8":{"start":{"line":9,"column":0},"end":{"line":9,"column":10}},"9":{"start":{"line":10,"column":0},"end":{"line":10,"column":17}},"10":{"start":{"line":11,"column":0},"end":{"line":11,"column":19}},"11":{"start":{"line":12,"column":0},"end":{"line":12,"column":20}},"12":{"start":{"line":13,"column":0},"end":{"line":13,"column":4}},"13":{"start":{"line":14,"column":0},"end":{"line":14,"column":12}},"14":{"start":{"line":15,"column":0},"end":{"line":15,"column":17}},"15":{"start":{"line":16,"column":0},"end":{"line":16,"column":19}},"16":{"start":{"line":17,"column":0},"end":{"line":17,"column":20}},"17":{"start":{"line":18,"column":0},"end":{"line":18,"column":4}},"18":{"start":{"line":19,"column":0},"end":{"line":19,"column":9}},"19":{"start":{"line":20,"column":0},"end":{"line":20,"column":17}},"20":{"start":{"line":21,"column":0},"end":{"line":21,"column":19}},"21":{"start":{"line":22,"column":0},"end":{"line":22,"column":4}},"22":{"start":{"line":23,"column":0},"end":{"line":23,"column":12}},"23":{"start":{"line":24,"column":0},"end":{"line":24,"column":17}},"24":{"start":{"line":25,"column":0},"end":{"line":25,"column":19}},"25":{"start":{"line":26,"column":0},"end":{"line":26,"column":4}},"26":{"start":{"line":27,"column":0},"end":{"line":27,"column":14}},"27":{"start":{"line":28,"column":0},"end":{"line":28,"column":17}},"28":{"start":{"line":29,"column":0},"end":{"line":29,"column":19}},"29":{"start":{"line":30,"column":0},"end":{"line":30,"column":20}},"30":{"start":{"line":31,"column":0},"end":{"line":31,"column":4}},"31":{"start":{"line":32,"column":0},"end":{"line":32,"column":15}},"32":{"start":{"line":33,"column":0},"end":{"line":33,"column":17}},"33":{"start":{"line":34,"column":0},"end":{"line":34,"column":19}},"34":{"start":{"line":35,"column":0},"end":{"line":35,"column":4}},"35":{"start":{"line":36,"column":0},"end":{"line":36,"column":3}},"36":{"start":{"line":37,"column":0},"end":{"line":37,"column":0}},"37":{"start":{"line":38,"column":0},"end":{"line":38,"column":52}}},"s":{"0":1,"1":1,"2":1,"3":1,"4":1,"5":1,"6":1,"7":1,"8":1,"9":1,"10":1,"11":1,"12":1,"13":1,"14":1,"15":1,"16":1,"17":1,"18":1,"19":1,"20":1,"21":1,"22":1,"23":1,"24":1,"25":1,"26":1,"27":1,"28":1,"29":1,"30":1,"31":1,"32":1,"33":1,"34":1,"35":1,"36":1,"37":1},"branchMap":{},"b":{},"fnMap":{},"f":{}}
,"C:\\Users\\Gustavo\\Desktop\\VAGAS-DESAFIOS\\CARUPI\\src\\helpers\\queryFormatter.js": {"path":"C:\\Users\\Gustavo\\Desktop\\VAGAS-DESAFIOS\\CARUPI\\src\\helpers\\queryFormatter.js","all":false,"statementMap":{"0":{"start":{"line":1,"column":0},"end":{"line":1,"column":22}},"1":{"start":{"line":2,"column":0},"end":{"line":2,"column":22}},"2":{"start":{"line":3,"column":0},"end":{"line":3,"column":27}},"3":{"start":{"line":4,"column":0},"end":{"line":4,"column":29}},"4":{"start":{"line":5,"column":0},"end":{"line":5,"column":33}},"5":{"start":{"line":6,"column":0},"end":{"line":6,"column":27}},"6":{"start":{"line":7,"column":0},"end":{"line":7,"column":33}},"7":{"start":{"line":8,"column":0},"end":{"line":8,"column":37}},"8":{"start":{"line":9,"column":0},"end":{"line":9,"column":39}},"9":{"start":{"line":10,"column":0},"end":{"line":10,"column":33}},"10":{"start":{"line":11,"column":0},"end":{"line":11,"column":33}},"11":{"start":{"line":12,"column":0},"end":{"line":12,"column":45}},"12":{"start":{"line":13,"column":0},"end":{"line":13,"column":45}},"13":{"start":{"line":14,"column":0},"end":{"line":14,"column":3}},"14":{"start":{"line":15,"column":0},"end":{"line":15,"column":0}},"15":{"start":{"line":16,"column":0},"end":{"line":16,"column":27}},"16":{"start":{"line":17,"column":0},"end":{"line":17,"column":30}},"17":{"start":{"line":18,"column":0},"end":{"line":18,"column":0}},"18":{"start":{"line":19,"column":0},"end":{"line":19,"column":45}},"19":{"start":{"line":20,"column":0},"end":{"line":20,"column":25}},"20":{"start":{"line":21,"column":0},"end":{"line":21,"column":23}},"21":{"start":{"line":22,"column":0},"end":{"line":22,"column":43}},"22":{"start":{"line":23,"column":0},"end":{"line":23,"column":35}},"23":{"start":{"line":24,"column":0},"end":{"line":24,"column":33}},"24":{"start":{"line":25,"column":0},"end":{"line":25,"column":14}},"25":{"start":{"line":26,"column":0},"end":{"line":26,"column":11}},"26":{"start":{"line":27,"column":0},"end":{"line":27,"column":16}},"27":{"start":{"line":28,"column":0},"end":{"line":28,"column":23}},"28":{"start":{"line":29,"column":0},"end":{"line":29,"column":43}},"29":{"start":{"line":30,"column":0},"end":{"line":30,"column":35}},"30":{"start":{"line":31,"column":0},"end":{"line":31,"column":57}},"31":{"start":{"line":32,"column":0},"end":{"line":32,"column":14}},"32":{"start":{"line":33,"column":0},"end":{"line":33,"column":11}},"33":{"start":{"line":34,"column":0},"end":{"line":34,"column":16}},"34":{"start":{"line":35,"column":0},"end":{"line":35,"column":29}},"35":{"start":{"line":36,"column":0},"end":{"line":36,"column":49}},"36":{"start":{"line":37,"column":0},"end":{"line":37,"column":41}},"37":{"start":{"line":38,"column":0},"end":{"line":38,"column":39}},"38":{"start":{"line":39,"column":0},"end":{"line":39,"column":14}},"39":{"start":{"line":40,"column":0},"end":{"line":40,"column":11}},"40":{"start":{"line":41,"column":0},"end":{"line":41,"column":16}},"41":{"start":{"line":42,"column":0},"end":{"line":42,"column":29}},"42":{"start":{"line":43,"column":0},"end":{"line":43,"column":49}},"43":{"start":{"line":44,"column":0},"end":{"line":44,"column":41}},"44":{"start":{"line":45,"column":0},"end":{"line":45,"column":69}},"45":{"start":{"line":46,"column":0},"end":{"line":46,"column":14}},"46":{"start":{"line":47,"column":0},"end":{"line":47,"column":11}},"47":{"start":{"line":48,"column":0},"end":{"line":48,"column":16}},"48":{"start":{"line":49,"column":0},"end":{"line":49,"column":16}},"49":{"start":{"line":50,"column":0},"end":{"line":50,"column":86}},"50":{"start":{"line":51,"column":0},"end":{"line":51,"column":16}},"51":{"start":{"line":52,"column":0},"end":{"line":52,"column":7}},"52":{"start":{"line":53,"column":0},"end":{"line":53,"column":7}},"53":{"start":{"line":54,"column":0},"end":{"line":54,"column":0}},"54":{"start":{"line":55,"column":0},"end":{"line":55,"column":26}},"55":{"start":{"line":56,"column":0},"end":{"line":56,"column":3}},"56":{"start":{"line":57,"column":0},"end":{"line":57,"column":1}},"57":{"start":{"line":58,"column":0},"end":{"line":58,"column":0}},"58":{"start":{"line":59,"column":0},"end":{"line":59,"column":32}}},"s":{"0":1,"1":1,"2":3,"3":3,"4":3,"5":3,"6":3,"7":3,"8":3,"9":3,"10":3,"11":3,"12":3,"13":3,"14":1,"15":1,"16":3,"17":3,"18":3,"19":33,"20":33,"21":3,"22":1,"23":1,"24":1,"25":1,"26":3,"27":33,"28":3,"29":1,"30":1,"31":1,"32":1,"33":3,"34":33,"35":3,"36":1,"37":1,"38":1,"39":1,"40":3,"41":33,"42":3,"43":1,"44":1,"45":1,"46":1,"47":3,"48":33,"49":21,"50":21,"51":33,"52":33,"53":3,"54":3,"55":3,"56":1,"57":1,"58":1},"branchMap":{"0":{"type":"branch","line":2,"loc":{"start":{"line":2,"column":2},"end":{"line":14,"column":3}},"locations":[{"start":{"line":2,"column":2},"end":{"line":14,"column":3}}]},"1":{"type":"branch","line":16,"loc":{"start":{"line":16,"column":2},"end":{"line":56,"column":3}},"locations":[{"start":{"line":16,"column":2},"end":{"line":56,"column":3}}]},"2":{"type":"branch","line":19,"loc":{"start":{"line":19,"column":34},"end":{"line":53,"column":7}},"locations":[{"start":{"line":19,"column":34},"end":{"line":53,"column":7}}]},"3":{"type":"branch","line":21,"loc":{"start":{"line":21,"column":8},"end":{"line":27,"column":16}},"locations":[{"start":{"line":21,"column":8},"end":{"line":27,"column":16}}]},"4":{"type":"branch","line":22,"loc":{"start":{"line":22,"column":42},"end":{"line":26,"column":11}},"locations":[{"start":{"line":22,"column":42},"end":{"line":26,"column":11}}]},"5":{"type":"branch","line":28,"loc":{"start":{"line":28,"column":8},"end":{"line":34,"column":16}},"locations":[{"start":{"line":28,"column":8},"end":{"line":34,"column":16}}]},"6":{"type":"branch","line":29,"loc":{"start":{"line":29,"column":42},"end":{"line":33,"column":11}},"locations":[{"start":{"line":29,"column":42},"end":{"line":33,"column":11}}]},"7":{"type":"branch","line":35,"loc":{"start":{"line":35,"column":8},"end":{"line":41,"column":16}},"locations":[{"start":{"line":35,"column":8},"end":{"line":41,"column":16}}]},"8":{"type":"branch","line":36,"loc":{"start":{"line":36,"column":48},"end":{"line":40,"column":11}},"locations":[{"start":{"line":36,"column":48},"end":{"line":40,"column":11}}]},"9":{"type":"branch","line":42,"loc":{"start":{"line":42,"column":8},"end":{"line":48,"column":16}},"locations":[{"start":{"line":42,"column":8},"end":{"line":48,"column":16}}]},"10":{"type":"branch","line":43,"loc":{"start":{"line":43,"column":48},"end":{"line":47,"column":11}},"locations":[{"start":{"line":43,"column":48},"end":{"line":47,"column":11}}]},"11":{"type":"branch","line":49,"loc":{"start":{"line":49,"column":8},"end":{"line":51,"column":16}},"locations":[{"start":{"line":49,"column":8},"end":{"line":51,"column":16}}]},"12":{"type":"branch","line":50,"loc":{"start":{"line":50,"column":38},"end":{"line":50,"column":52}},"locations":[{"start":{"line":50,"column":38},"end":{"line":50,"column":52}}]}},"b":{"0":[3],"1":[3],"2":[33],"3":[3],"4":[1],"5":[3],"6":[1],"7":[3],"8":[1],"9":[3],"10":[1],"11":[21],"12":[1]},"fnMap":{"0":{"name":"QueryFormatter","decl":{"start":{"line":2,"column":2},"end":{"line":14,"column":3}},"loc":{"start":{"line":2,"column":2},"end":{"line":14,"column":3}},"line":2},"1":{"name":"returnAFormattedQuery","decl":{"start":{"line":16,"column":2},"end":{"line":56,"column":3}},"loc":{"start":{"line":16,"column":2},"end":{"line":56,"column":3}},"line":16}},"f":{"0":3,"1":3}}
}
