TN:
SF:src\components\Car\CreateCar\CreateCarDao.js
FN:5,create
FNF:1
FNH:1
FNDA:4,create
DA:1,1
DA:2,1
DA:3,1
DA:4,1
DA:5,1
DA:6,4
DA:7,4
DA:8,1
DA:9,1
DA:10,1
LF:10
LH:10
BRDA:5,0,0,4
BRF:1
BRH:1
end_of_record
TN:
SF:src\components\Car\DeleteCar\DeleteCarDao.js
FN:4,delete
FNF:1
FNH:1
FNDA:3,delete
DA:1,1
DA:2,1
DA:3,1
DA:4,1
DA:5,3
DA:6,1
DA:7,1
DA:8,1
DA:9,1
LF:9
LH:9
BRDA:4,0,0,3
BRDA:5,1,0,1
BRF:2
BRH:2
end_of_record
TN:
SF:src\components\Car\ListCar\ListCarDao.js
FN:5,list
FNF:1
FNH:1
FNDA:5,list
DA:1,1
DA:2,1
DA:3,1
DA:4,1
DA:5,1
DA:6,5
DA:7,5
DA:8,1
DA:9,1
DA:10,1
LF:10
LH:10
BRDA:5,0,0,5
BRF:1
BRH:1
end_of_record
TN:
SF:src\components\Car\ListCars\ListCarsDao.js
FN:5,lists
FNF:1
FNH:1
FNDA:4,lists
DA:1,1
DA:2,1
DA:3,1
DA:4,1
DA:5,1
DA:6,4
DA:7,4
DA:8,1
DA:9,1
DA:10,1
LF:10
LH:10
BRDA:5,0,0,4
BRF:1
BRH:1
end_of_record
TN:
SF:src\components\Car\UpdateCar\UpdateCarDao.js
FN:5,update
FNF:1
FNH:1
FNDA:3,update
DA:1,1
DA:2,1
DA:3,1
DA:4,1
DA:5,1
DA:6,3
DA:7,1
DA:8,1
DA:9,1
DA:10,1
LF:10
LH:10
BRDA:5,0,0,3
BRDA:6,1,0,1
BRF:2
BRH:2
end_of_record
TN:
SF:src\database\schemas\Cars.js
FNF:0
FNH:0
DA:1,1
DA:2,1
DA:3,1
DA:4,1
DA:5,1
DA:6,1
DA:7,1
DA:8,1
DA:9,1
DA:10,1
DA:11,1
DA:12,1
DA:13,1
DA:14,1
DA:15,1
DA:16,1
DA:17,1
DA:18,1
DA:19,1
DA:20,1
DA:21,1
DA:22,1
DA:23,1
DA:24,1
DA:25,1
DA:26,1
DA:27,1
DA:28,1
DA:29,1
DA:30,1
DA:31,1
DA:32,1
DA:33,1
DA:34,1
DA:35,1
DA:36,1
DA:37,1
DA:38,1
LF:38
LH:38
BRF:0
BRH:0
end_of_record
TN:
SF:src\helpers\queryFormatter.js
FN:2,QueryFormatter
FN:16,returnAFormattedQuery
FNF:2
FNH:2
FNDA:3,QueryFormatter
FNDA:3,returnAFormattedQuery
DA:1,1
DA:2,1
DA:3,3
DA:4,3
DA:5,3
DA:6,3
DA:7,3
DA:8,3
DA:9,3
DA:10,3
DA:11,3
DA:12,3
DA:13,3
DA:14,3
DA:15,1
DA:16,1
DA:17,3
DA:18,3
DA:19,3
DA:20,33
DA:21,33
DA:22,3
DA:23,1
DA:24,1
DA:25,1
DA:26,1
DA:27,3
DA:28,33
DA:29,3
DA:30,1
DA:31,1
DA:32,1
DA:33,1
DA:34,3
DA:35,33
DA:36,3
DA:37,1
DA:38,1
DA:39,1
DA:40,1
DA:41,3
DA:42,33
DA:43,3
DA:44,1
DA:45,1
DA:46,1
DA:47,1
DA:48,3
DA:49,33
DA:50,21
DA:51,21
DA:52,33
DA:53,33
DA:54,3
DA:55,3
DA:56,3
DA:57,1
DA:58,1
DA:59,1
LF:59
LH:59
BRDA:2,0,0,3
BRDA:16,1,0,3
BRDA:19,2,0,33
BRDA:21,3,0,3
BRDA:22,4,0,1
BRDA:28,5,0,3
BRDA:29,6,0,1
BRDA:35,7,0,3
BRDA:36,8,0,1
BRDA:42,9,0,3
BRDA:43,10,0,1
BRDA:49,11,0,21
BRDA:50,12,0,1
BRF:13
BRH:13
end_of_record
